<?xml version="1.0" encoding="UTF-8" ?>
<testsuites>
 <testsuite name="blah" timestamp="2017-08-09T11:56:14" hostname="localhost" time="0.05" errors="0" tests="1" skipped="0" disabled="0" failures="2">
  <testcase classname="blah" name="should blah" time="0.045">
   <failure type="exception" message="Failed: sample_name is not defined"><![CDATA[ReferenceError: sample_name is not defined
    at Object.<anonymous> (C:\Users\sslindia\Documents\Git\protractor\specs\phptravels\test_spec.js:10:12)
    at C:\Users\sslindia\AppData\Roaming\npm\node_modules\protractor\node_modules\jasminewd2\index.js:112:25
    at new ManagedPromise (C:\Users\sslindia\AppData\Roaming\npm\node_modules\protractor\node_modules\selenium-webdriver\lib\promise.js:1067:7)
    at ControlFlow.promise (C:\Users\sslindia\AppData\Roaming\npm\node_modules\protractor\node_modules\selenium-webdriver\lib\promise.js:2396:12)
    at schedulerExecute (C:\Users\sslindia\AppData\Roaming\npm\node_modules\protractor\node_modules\jasminewd2\index.js:95:18)
    at TaskQueue.execute_ (C:\Users\sslindia\AppData\Roaming\npm\node_modules\protractor\node_modules\selenium-webdriver\lib\promise.js:2970:14)
    at TaskQueue.executeNext_ (C:\Users\sslindia\AppData\Roaming\npm\node_modules\protractor\node_modules\selenium-webdriver\lib\promise.js:2953:27)
    at asyncRun (C:\Users\sslindia\AppData\Roaming\npm\node_modules\protractor\node_modules\selenium-webdriver\lib\promise.js:2860:25)
    at C:\Users\sslindia\AppData\Roaming\npm\node_modules\protractor\node_modules\selenium-webdriver\lib\promise.js:676:7
    at process._tickCallback (internal/process/next_tick.js:109:7)
From: Task: Run beforeEach in control flow
    at Object.<anonymous> (C:\Users\sslindia\AppData\Roaming\npm\node_modules\protractor\node_modules\jasminewd2\index.js:94:19)
    at attemptAsync (C:\Users\sslindia\AppData\Roaming\npm\node_modules\protractor\node_modules\jasmine-core\lib\jasmine-core\jasmine.js:3945:24)
    at QueueRunner.run (C:\Users\sslindia\AppData\Roaming\npm\node_modules\protractor\node_modules\jasmine-core\lib\jasmine-core\jasmine.js:3884:9)
    at QueueRunner.execute (C:\Users\sslindia\AppData\Roaming\npm\node_modules\protractor\node_modules\jasmine-core\lib\jasmine-core\jasmine.js:3872:10)
    at Spec.queueRunnerFactory (C:\Users\sslindia\AppData\Roaming\npm\node_modules\protractor\node_modules\jasmine-core\lib\jasmine-core\jasmine.js:816:35)
    at Spec.execute (C:\Users\sslindia\AppData\Roaming\npm\node_modules\protractor\node_modules\jasmine-core\lib\jasmine-core\jasmine.js:473:10)
    at Object.fn (C:\Users\sslindia\AppData\Roaming\npm\node_modules\protractor\node_modules\jasmine-core\lib\jasmine-core\jasmine.js:4975:37)
    at attemptAsync (C:\Users\sslindia\AppData\Roaming\npm\node_modules\protractor\node_modules\jasmine-core\lib\jasmine-core\jasmine.js:3945:24)
    at QueueRunner.run (C:\Users\sslindia\AppData\Roaming\npm\node_modules\protractor\node_modules\jasmine-core\lib\jasmine-core\jasmine.js:3884:9)
    at QueueRunner.execute (C:\Users\sslindia\AppData\Roaming\npm\node_modules\protractor\node_modules\jasmine-core\lib\jasmine-core\jasmine.js:3872:10)
From asynchronous test: 
Error
    at Suite.<anonymous> (C:\Users\sslindia\Documents\Git\protractor\specs\phptravels\test_spec.js:8:3)
    at addSpecsToSuite (C:\Users\sslindia\AppData\Roaming\npm\node_modules\protractor\node_modules\jasmine-core\lib\jasmine-core\jasmine.js:994:25)
    at Env.describe (C:\Users\sslindia\AppData\Roaming\npm\node_modules\protractor\node_modules\jasmine-core\lib\jasmine-core\jasmine.js:961:7)
    at describe (C:\Users\sslindia\AppData\Roaming\npm\node_modules\protractor\node_modules\jasmine-core\lib\jasmine-core\jasmine.js:4031:18)
    at Object.<anonymous> (C:\Users\sslindia\Documents\Git\protractor\specs\phptravels\test_spec.js:3:1)
    at Module._compile (module.js:570:32)
    at Object.Module._extensions..js (module.js:579:10)
    at Module.load (module.js:487:32)
    at tryModuleLoad (module.js:446:12)]]>
   </failure>
   <failure type="exception" message="Failed: page is not defined"><![CDATA[ReferenceError: page is not defined
    at Object.<anonymous> (C:\Users\sslindia\Documents\Git\protractor\specs\phptravels\test_spec.js:15:19)
    at C:\Users\sslindia\AppData\Roaming\npm\node_modules\protractor\node_modules\jasminewd2\index.js:112:25
    at new ManagedPromise (C:\Users\sslindia\AppData\Roaming\npm\node_modules\protractor\node_modules\selenium-webdriver\lib\promise.js:1067:7)
    at ControlFlow.promise (C:\Users\sslindia\AppData\Roaming\npm\node_modules\protractor\node_modules\selenium-webdriver\lib\promise.js:2396:12)
    at schedulerExecute (C:\Users\sslindia\AppData\Roaming\npm\node_modules\protractor\node_modules\jasminewd2\index.js:95:18)
    at TaskQueue.execute_ (C:\Users\sslindia\AppData\Roaming\npm\node_modules\protractor\node_modules\selenium-webdriver\lib\promise.js:2970:14)
    at TaskQueue.executeNext_ (C:\Users\sslindia\AppData\Roaming\npm\node_modules\protractor\node_modules\selenium-webdriver\lib\promise.js:2953:27)
    at asyncRun (C:\Users\sslindia\AppData\Roaming\npm\node_modules\protractor\node_modules\selenium-webdriver\lib\promise.js:2860:25)
    at C:\Users\sslindia\AppData\Roaming\npm\node_modules\protractor\node_modules\selenium-webdriver\lib\promise.js:676:7
    at process._tickCallback (internal/process/next_tick.js:109:7)
From: Task: Run it("should blah") in control flow
    at Object.<anonymous> (C:\Users\sslindia\AppData\Roaming\npm\node_modules\protractor\node_modules\jasminewd2\index.js:94:19)
    at attemptAsync (C:\Users\sslindia\AppData\Roaming\npm\node_modules\protractor\node_modules\jasmine-core\lib\jasmine-core\jasmine.js:3945:24)
    at QueueRunner.run (C:\Users\sslindia\AppData\Roaming\npm\node_modules\protractor\node_modules\jasmine-core\lib\jasmine-core\jasmine.js:3884:9)
    at C:\Users\sslindia\AppData\Roaming\npm\node_modules\protractor\node_modules\jasmine-core\lib\jasmine-core\jasmine.js:3924:18
    at C:\Users\sslindia\AppData\Roaming\npm\node_modules\protractor\node_modules\jasmine-core\lib\jasmine-core\jasmine.js:3848:9
    at Function.next.fail (C:\Users\sslindia\AppData\Roaming\npm\node_modules\protractor\node_modules\jasmine-core\lib\jasmine-core\jasmine.js:3931:9)
    at C:\Users\sslindia\AppData\Roaming\npm\node_modules\protractor\node_modules\jasminewd2\index.js:64:48
    at ControlFlow.emit (C:\Users\sslindia\AppData\Roaming\npm\node_modules\protractor\node_modules\selenium-webdriver\lib\events.js:62:21)
    at ControlFlow.shutdown_ (C:\Users\sslindia\AppData\Roaming\npm\node_modules\protractor\node_modules\selenium-webdriver\lib\promise.js:2565:10)
    at shutdownTask_.MicroTask (C:\Users\sslindia\AppData\Roaming\npm\node_modules\protractor\node_modules\selenium-webdriver\lib\promise.js:2490:53)
From asynchronous test: 
Error
    at Suite.<anonymous> (C:\Users\sslindia\Documents\Git\protractor\specs\phptravels\test_spec.js:14:3)
    at addSpecsToSuite (C:\Users\sslindia\AppData\Roaming\npm\node_modules\protractor\node_modules\jasmine-core\lib\jasmine-core\jasmine.js:994:25)
    at Env.describe (C:\Users\sslindia\AppData\Roaming\npm\node_modules\protractor\node_modules\jasmine-core\lib\jasmine-core\jasmine.js:961:7)
    at describe (C:\Users\sslindia\AppData\Roaming\npm\node_modules\protractor\node_modules\jasmine-core\lib\jasmine-core\jasmine.js:4031:18)
    at Object.<anonymous> (C:\Users\sslindia\Documents\Git\protractor\specs\phptravels\test_spec.js:3:1)
    at Module._compile (module.js:570:32)
    at Object.Module._extensions..js (module.js:579:10)
    at Module.load (module.js:487:32)
    at tryModuleLoad (module.js:446:12)]]>
   </failure>
  </testcase>
 </testsuite>
</testsuites>